<?xml version="1.0" encoding="UTF-8"?>
<!-- Generated by org.testng.reporters.JUnitXMLReporter -->
<testsuite ignored="0" hostname="LSTKAG233807" failures="0" tests="5" name="Default test" time="12.998" errors="0" timestamp="2022-06-24T09:18:47 CDT">
  <testcase classname="app.tsd.TSD_ResetPassword" name="logInUser" time="1.247"/>
  <testcase classname="app.tsd.TSD_ResetPassword" name="logInUser" time="0.907"/>
  <testcase classname="app.tsd.TSD_ResetPassword" name="logInUser" time="0.921"/>
  <testcase classname="app.tsd.TSD_ResetPassword" name="logInUser" time="0.981"/>
  <testcase classname="app.tsd.TSD_ResetPassword" name="logInUser" time="0.878"/>
</testsuite> <!-- Default test -->
