<?xml version="1.0" encoding="UTF-8"?>
<!-- Generated by org.testng.reporters.JUnitXMLReporter -->
<testsuite ignored="0" hostname="LSTKTR233805" failures="0" tests="5" name="Default test" time="35.597" errors="0" timestamp="2022-06-23T15:43:53 CDT">
  <testcase classname="app.tsd.TSD_Cart" name="addItemsToCart" time="14.194"/>
  <testcase classname="app.tsd.TSD_Cart" name="changeQuantityofCart" time="4.092"/>
  <testcase classname="app.tsd.TSD_Cart" name="createNewAccount" time="1.757"/>
  <testcase classname="app.tsd.TSD_Cart" name="fillAddress" time="4.182"/>
  <testcase classname="app.tsd.TSD_Cart" name="completeDelivery" time="5.563"/>
</testsuite> <!-- Default test -->
