<?xml version="1.0" encoding="UTF-8"?>
<testng-results ignored="0" total="5" passed="5" failed="0" skipped="0">
  <reporter-output>
  </reporter-output>
  <suite started-at="2022-06-23T15:43:17 CDT" name="Default suite" finished-at="2022-06-23T15:43:53 CDT" duration-ms="35597">
    <groups>
    </groups>
    <test started-at="2022-06-23T15:43:17 CDT" name="Default test" finished-at="2022-06-23T15:43:53 CDT" duration-ms="35597">
      <class name="app.tsd.TSD_Cart">
        <test-method is-config="true" signature="beforeClass()[pri:0, instance:app.tsd.TSD_Cart@654f0d9c]" started-at="2022-06-23T15:43:17 CDT" name="beforeClass" finished-at="2022-06-23T15:43:23 CDT" duration-ms="5670" status="PASS">
          <reporter-output>
          </reporter-output>
        </test-method> <!-- beforeClass -->
        <test-method signature="addItemsToCart()[pri:1, instance:app.tsd.TSD_Cart@654f0d9c]" started-at="2022-06-23T15:43:23 CDT" name="addItemsToCart" description="Add items to cart" finished-at="2022-06-23T15:43:37 CDT" duration-ms="14194" status="PASS">
          <reporter-output>
          </reporter-output>
        </test-method> <!-- addItemsToCart -->
        <test-method signature="changeQuantityofCart()[pri:2, instance:app.tsd.TSD_Cart@654f0d9c]" started-at="2022-06-23T15:43:37 CDT" name="changeQuantityofCart" description="Change quantity in the cart and checkout" finished-at="2022-06-23T15:43:41 CDT" duration-ms="4092" status="PASS">
          <reporter-output>
          </reporter-output>
        </test-method> <!-- changeQuantityofCart -->
        <test-method signature="createNewAccount(java.lang.String,java.lang.String,java.lang.String)[pri:3, instance:app.tsd.TSD_Cart@654f0d9c]" started-at="2022-06-23T15:43:41 CDT" name="createNewAccount" description="Create new account and address" finished-at="2022-06-23T15:43:43 CDT" duration-ms="1757" status="PASS">
          <params>
            <param index="0">
              <value>
                <![CDATA[emailtest@domain.com]]>
              </value>
            </param>
            <param index="1">
              <value>
                <![CDATA[Demo1234]]>
              </value>
            </param>
            <param index="2">
              <value>
                <![CDATA[Demo1234]]>
              </value>
            </param>
          </params>
          <reporter-output>
          </reporter-output>
        </test-method> <!-- createNewAccount -->
        <test-method signature="fillAddress(java.lang.String,java.lang.String,java.lang.String,java.lang.String,java.lang.String,java.lang.String,java.lang.String)[pri:4, instance:app.tsd.TSD_Cart@654f0d9c]" started-at="2022-06-23T15:43:43 CDT" name="fillAddress" description="Fill address" finished-at="2022-06-23T15:43:47 CDT" depends-on-methods="app.tsd.TSD_Cart.createNewAccount" duration-ms="4182" status="PASS">
          <params>
            <param index="0">
              <value>
                <![CDATA[firstName]]>
              </value>
            </param>
            <param index="1">
              <value>
                <![CDATA[lastName]]>
              </value>
            </param>
            <param index="2">
              <value>
                <![CDATA[address1]]>
              </value>
            </param>
            <param index="3">
              <value>
                <![CDATA[city]]>
              </value>
            </param>
            <param index="4">
              <value>
                <![CDATA[11000]]>
              </value>
            </param>
            <param index="5">
              <value>
                <![CDATA[12345678]]>
              </value>
            </param>
            <param index="6">
              <value>
                <![CDATA[3524]]>
              </value>
            </param>
          </params>
          <reporter-output>
          </reporter-output>
        </test-method> <!-- fillAddress -->
        <test-method signature="completeDelivery()[pri:5, instance:app.tsd.TSD_Cart@654f0d9c]" started-at="2022-06-23T15:43:47 CDT" name="completeDelivery" description="Complete the delivery" finished-at="2022-06-23T15:43:52 CDT" depends-on-methods="app.tsd.TSD_Cart.fillAddress" duration-ms="5563" status="PASS">
          <reporter-output>
          </reporter-output>
        </test-method> <!-- completeDelivery -->
        <test-method is-config="true" signature="afterClass()[pri:0, instance:app.tsd.TSD_Cart@654f0d9c]" started-at="2022-06-23T15:43:52 CDT" name="afterClass" finished-at="2022-06-23T15:43:53 CDT" duration-ms="69" status="PASS">
          <reporter-output>
          </reporter-output>
        </test-method> <!-- afterClass -->
      </class> <!-- app.tsd.TSD_Cart -->
    </test> <!-- Default test -->
  </suite> <!-- Default suite -->
</testng-results>
