<?xml version="1.0" encoding="UTF-8"?>
<testng-results ignored="0" total="1" passed="1" failed="0" skipped="0">
  <reporter-output>
  </reporter-output>
  <suite started-at="2022-06-23T21:05:51 CDT" name="Default suite" finished-at="2022-06-23T21:05:51 CDT" duration-ms="38">
    <groups>
    </groups>
    <test started-at="2022-06-23T21:05:51 CDT" name="Default test" finished-at="2022-06-23T21:05:51 CDT" duration-ms="38">
      <class name="app.tsd.TSD_CreateAccount">
        <test-method signature="logInUser()[pri:1, instance:app.tsd.TSD_CreateAccount@4b5a5ed1]" started-at="2022-06-23T21:05:51 CDT" name="logInUser" description="Create a new account" finished-at="2022-06-23T21:05:51 CDT" duration-ms="8" status="PASS">
          <reporter-output>
          </reporter-output>
        </test-method> <!-- logInUser -->
      </class> <!-- app.tsd.TSD_CreateAccount -->
    </test> <!-- Default test -->
  </suite> <!-- Default suite -->
</testng-results>
